<?xml version="1.0" encoding="UTF-8"?>
<testsuite xmlns:xsi="http://www.w3.org/2001/XMLSchema-instance" xsi:noNamespaceSchemaLocation="https://maven.apache.org/surefire/maven-surefire-plugin/xsd/surefire-test-report.xsd" version="3.0.2" name="com.fernandopaniagua.ifct0062_2025_supergamesspring.services.VideogameServiceTest" time="0.805" tests="1" errors="0" skipped="0" failures="0">
  <properties>
    <property name="java.specification.version" value="21"/>
    <property name="sun.jnu.encoding" value="UTF-8"/>
    <property name="java.class.path" value="/home/eparra-v/IdeaProjects/ifct0062_2025_supergamesspring/target/test-classes:/home/eparra-v/IdeaProjects/ifct0062_2025_supergamesspring/target/classes:/home/eparra-v/.m2/repository/org/springframework/boot/spring-boot-starter-data-jpa/3.4.5/spring-boot-starter-data-jpa-3.4.5.jar:/home/eparra-v/.m2/repository/org/springframework/boot/spring-boot-starter/3.4.5/spring-boot-starter-3.4.5.jar:/home/eparra-v/.m2/repository/org/springframework/boot/spring-boot/3.4.5/spring-boot-3.4.5.jar:/home/eparra-v/.m2/repository/org/springframework/boot/spring-boot-autoconfigure/3.4.5/spring-boot-autoconfigure-3.4.5.jar:/home/eparra-v/.m2/repository/org/springframework/boot/spring-boot-starter-logging/3.4.5/spring-boot-starter-logging-3.4.5.jar:/home/eparra-v/.m2/repository/ch/qos/logback/logback-classic/1.5.18/logback-classic-1.5.18.jar:/home/eparra-v/.m2/repository/ch/qos/logback/logback-core/1.5.18/logback-core-1.5.18.jar:/home/eparra-v/.m2/repository/org/apache/logging/log4j/log4j-to-slf4j/2.24.3/log4j-to-slf4j-2.24.3.jar:/home/eparra-v/.m2/repository/org/apache/logging/log4j/log4j-api/2.24.3/log4j-api-2.24.3.jar:/home/eparra-v/.m2/repository/org/slf4j/jul-to-slf4j/2.0.17/jul-to-slf4j-2.0.17.jar:/home/eparra-v/.m2/repository/jakarta/annotation/jakarta.annotation-api/2.1.1/jakarta.annotation-api-2.1.1.jar:/home/eparra-v/.m2/repository/org/yaml/snakeyaml/2.3/snakeyaml-2.3.jar:/home/eparra-v/.m2/repository/org/springframework/boot/spring-boot-starter-jdbc/3.4.5/spring-boot-starter-jdbc-3.4.5.jar:/home/eparra-v/.m2/repository/com/zaxxer/HikariCP/5.1.0/HikariCP-5.1.0.jar:/home/eparra-v/.m2/repository/org/springframework/spring-jdbc/6.2.6/spring-jdbc-6.2.6.jar:/home/eparra-v/.m2/repository/org/hibernate/orm/hibernate-core/6.6.13.Final/hibernate-core-6.6.13.Final.jar:/home/eparra-v/.m2/repository/jakarta/persistence/jakarta.persistence-api/3.1.0/jakarta.persistence-api-3.1.0.jar:/home/eparra-v/.m2/repository/jakarta/transaction/jakarta.transaction-api/2.0.1/jakarta.transaction-api-2.0.1.jar:/home/eparra-v/.m2/repository/org/jboss/logging/jboss-logging/3.6.1.Final/jboss-logging-3.6.1.Final.jar:/home/eparra-v/.m2/repository/org/hibernate/common/hibernate-commons-annotations/7.0.3.Final/hibernate-commons-annotations-7.0.3.Final.jar:/home/eparra-v/.m2/repository/io/smallrye/jandex/3.2.0/jandex-3.2.0.jar:/home/eparra-v/.m2/repository/com/fasterxml/classmate/1.7.0/classmate-1.7.0.jar:/home/eparra-v/.m2/repository/net/bytebuddy/byte-buddy/1.15.11/byte-buddy-1.15.11.jar:/home/eparra-v/.m2/repository/org/glassfish/jaxb/jaxb-runtime/4.0.5/jaxb-runtime-4.0.5.jar:/home/eparra-v/.m2/repository/org/glassfish/jaxb/jaxb-core/4.0.5/jaxb-core-4.0.5.jar:/home/eparra-v/.m2/repository/org/eclipse/angus/angus-activation/2.0.2/angus-activation-2.0.2.jar:/home/eparra-v/.m2/repository/org/glassfish/jaxb/txw2/4.0.5/txw2-4.0.5.jar:/home/eparra-v/.m2/repository/com/sun/istack/istack-commons-runtime/4.1.2/istack-commons-runtime-4.1.2.jar:/home/eparra-v/.m2/repository/jakarta/inject/jakarta.inject-api/2.0.1/jakarta.inject-api-2.0.1.jar:/home/eparra-v/.m2/repository/org/antlr/antlr4-runtime/4.13.0/antlr4-runtime-4.13.0.jar:/home/eparra-v/.m2/repository/org/springframework/data/spring-data-jpa/3.4.5/spring-data-jpa-3.4.5.jar:/home/eparra-v/.m2/repository/org/springframework/data/spring-data-commons/3.4.5/spring-data-commons-3.4.5.jar:/home/eparra-v/.m2/repository/org/springframework/spring-orm/6.2.6/spring-orm-6.2.6.jar:/home/eparra-v/.m2/repository/org/springframework/spring-context/6.2.6/spring-context-6.2.6.jar:/home/eparra-v/.m2/repository/org/springframework/spring-aop/6.2.6/spring-aop-6.2.6.jar:/home/eparra-v/.m2/repository/org/springframework/spring-tx/6.2.6/spring-tx-6.2.6.jar:/home/eparra-v/.m2/repository/org/springframework/spring-beans/6.2.6/spring-beans-6.2.6.jar:/home/eparra-v/.m2/repository/org/slf4j/slf4j-api/2.0.17/slf4j-api-2.0.17.jar:/home/eparra-v/.m2/repository/org/springframework/spring-aspects/6.2.6/spring-aspects-6.2.6.jar:/home/eparra-v/.m2/repository/org/aspectj/aspectjweaver/1.9.24/aspectjweaver-1.9.24.jar:/home/eparra-v/.m2/repository/org/springframework/boot/spring-boot-starter-thymeleaf/3.4.5/spring-boot-starter-thymeleaf-3.4.5.jar:/home/eparra-v/.m2/repository/org/thymeleaf/thymeleaf-spring6/3.1.3.RELEASE/thymeleaf-spring6-3.1.3.RELEASE.jar:/home/eparra-v/.m2/repository/org/thymeleaf/thymeleaf/3.1.3.RELEASE/thymeleaf-3.1.3.RELEASE.jar:/home/eparra-v/.m2/repository/org/attoparser/attoparser/2.0.7.RELEASE/attoparser-2.0.7.RELEASE.jar:/home/eparra-v/.m2/repository/org/unbescape/unbescape/1.1.6.RELEASE/unbescape-1.1.6.RELEASE.jar:/home/eparra-v/.m2/repository/org/springframework/boot/spring-boot-starter-web/3.4.5/spring-boot-starter-web-3.4.5.jar:/home/eparra-v/.m2/repository/org/springframework/boot/spring-boot-starter-json/3.4.5/spring-boot-starter-json-3.4.5.jar:/home/eparra-v/.m2/repository/com/fasterxml/jackson/core/jackson-databind/2.18.3/jackson-databind-2.18.3.jar:/home/eparra-v/.m2/repository/com/fasterxml/jackson/core/jackson-annotations/2.18.3/jackson-annotations-2.18.3.jar:/home/eparra-v/.m2/repository/com/fasterxml/jackson/core/jackson-core/2.18.3/jackson-core-2.18.3.jar:/home/eparra-v/.m2/repository/com/fasterxml/jackson/datatype/jackson-datatype-jdk8/2.18.3/jackson-datatype-jdk8-2.18.3.jar:/home/eparra-v/.m2/repository/com/fasterxml/jackson/datatype/jackson-datatype-jsr310/2.18.3/jackson-datatype-jsr310-2.18.3.jar:/home/eparra-v/.m2/repository/com/fasterxml/jackson/module/jackson-module-parameter-names/2.18.3/jackson-module-parameter-names-2.18.3.jar:/home/eparra-v/.m2/repository/org/springframework/boot/spring-boot-starter-tomcat/3.4.5/spring-boot-starter-tomcat-3.4.5.jar:/home/eparra-v/.m2/repository/org/apache/tomcat/embed/tomcat-embed-core/10.1.40/tomcat-embed-core-10.1.40.jar:/home/eparra-v/.m2/repository/org/apache/tomcat/embed/tomcat-embed-el/10.1.40/tomcat-embed-el-10.1.40.jar:/home/eparra-v/.m2/repository/org/apache/tomcat/embed/tomcat-embed-websocket/10.1.40/tomcat-embed-websocket-10.1.40.jar:/home/eparra-v/.m2/repository/org/springframework/spring-web/6.2.6/spring-web-6.2.6.jar:/home/eparra-v/.m2/repository/io/micrometer/micrometer-observation/1.14.6/micrometer-observation-1.14.6.jar:/home/eparra-v/.m2/repository/io/micrometer/micrometer-commons/1.14.6/micrometer-commons-1.14.6.jar:/home/eparra-v/.m2/repository/org/springframework/spring-webmvc/6.2.6/spring-webmvc-6.2.6.jar:/home/eparra-v/.m2/repository/org/springframework/spring-expression/6.2.6/spring-expression-6.2.6.jar:/home/eparra-v/.m2/repository/org/postgresql/postgresql/42.7.5/postgresql-42.7.5.jar:/home/eparra-v/.m2/repository/org/checkerframework/checker-qual/3.48.3/checker-qual-3.48.3.jar:/home/eparra-v/.m2/repository/org/springframework/boot/spring-boot-starter-test/3.4.5/spring-boot-starter-test-3.4.5.jar:/home/eparra-v/.m2/repository/org/springframework/boot/spring-boot-test/3.4.5/spring-boot-test-3.4.5.jar:/home/eparra-v/.m2/repository/org/springframework/boot/spring-boot-test-autoconfigure/3.4.5/spring-boot-test-autoconfigure-3.4.5.jar:/home/eparra-v/.m2/repository/com/jayway/jsonpath/json-path/2.9.0/json-path-2.9.0.jar:/home/eparra-v/.m2/repository/jakarta/xml/bind/jakarta.xml.bind-api/4.0.2/jakarta.xml.bind-api-4.0.2.jar:/home/eparra-v/.m2/repository/jakarta/activation/jakarta.activation-api/2.1.3/jakarta.activation-api-2.1.3.jar:/home/eparra-v/.m2/repository/net/minidev/json-smart/2.5.2/json-smart-2.5.2.jar:/home/eparra-v/.m2/repository/net/minidev/accessors-smart/2.5.2/accessors-smart-2.5.2.jar:/home/eparra-v/.m2/repository/org/ow2/asm/asm/9.7.1/asm-9.7.1.jar:/home/eparra-v/.m2/repository/org/assertj/assertj-core/3.26.3/assertj-core-3.26.3.jar:/home/eparra-v/.m2/repository/org/awaitility/awaitility/4.2.2/awaitility-4.2.2.jar:/home/eparra-v/.m2/repository/org/hamcrest/hamcrest/2.2/hamcrest-2.2.jar:/home/eparra-v/.m2/repository/org/junit/jupiter/junit-jupiter/5.11.4/junit-jupiter-5.11.4.jar:/home/eparra-v/.m2/repository/org/junit/jupiter/junit-jupiter-api/5.11.4/junit-jupiter-api-5.11.4.jar:/home/eparra-v/.m2/repository/org/opentest4j/opentest4j/1.3.0/opentest4j-1.3.0.jar:/home/eparra-v/.m2/repository/org/junit/platform/junit-platform-commons/1.11.4/junit-platform-commons-1.11.4.jar:/home/eparra-v/.m2/repository/org/apiguardian/apiguardian-api/1.1.2/apiguardian-api-1.1.2.jar:/home/eparra-v/.m2/repository/org/junit/jupiter/junit-jupiter-params/5.11.4/junit-jupiter-params-5.11.4.jar:/home/eparra-v/.m2/repository/org/junit/jupiter/junit-jupiter-engine/5.11.4/junit-jupiter-engine-5.11.4.jar:/home/eparra-v/.m2/repository/org/junit/platform/junit-platform-engine/1.11.4/junit-platform-engine-1.11.4.jar:/home/eparra-v/.m2/repository/org/mockito/mockito-core/5.14.2/mockito-core-5.14.2.jar:/home/eparra-v/.m2/repository/net/bytebuddy/byte-buddy-agent/1.15.11/byte-buddy-agent-1.15.11.jar:/home/eparra-v/.m2/repository/org/objenesis/objenesis/3.3/objenesis-3.3.jar:/home/eparra-v/.m2/repository/org/mockito/mockito-junit-jupiter/5.14.2/mockito-junit-jupiter-5.14.2.jar:/home/eparra-v/.m2/repository/org/skyscreamer/jsonassert/1.5.3/jsonassert-1.5.3.jar:/home/eparra-v/.m2/repository/com/vaadin/external/google/android-json/0.0.20131108.vaadin1/android-json-0.0.20131108.vaadin1.jar:/home/eparra-v/.m2/repository/org/springframework/spring-core/6.2.6/spring-core-6.2.6.jar:/home/eparra-v/.m2/repository/org/springframework/spring-jcl/6.2.6/spring-jcl-6.2.6.jar:/home/eparra-v/.m2/repository/org/springframework/spring-test/6.2.6/spring-test-6.2.6.jar:/home/eparra-v/.m2/repository/org/xmlunit/xmlunit-core/2.10.0/xmlunit-core-2.10.0.jar:"/>
    <property name="java.vm.vendor" value="Eclipse Adoptium"/>
    <property name="sun.arch.data.model" value="64"/>
    <property name="java.vendor.url" value="https://adoptium.net/"/>
    <property name="user.timezone" value="Europe/Madrid"/>
    <property name="org.jboss.logging.provider" value="slf4j"/>
    <property name="os.name" value="Linux"/>
    <property name="java.vm.specification.version" value="21"/>
    <property name="APPLICATION_NAME" value="ifct0062_2025_supergamesspring"/>
    <property name="sun.java.launcher" value="SUN_STANDARD"/>
    <property name="user.country" value="US"/>
    <property name="sun.boot.library.path" value="/home/eparra-v/.sdkman/candidates/java/21.0.7-tem/lib"/>
    <property name="sun.java.command" value="/home/eparra-v/IdeaProjects/ifct0062_2025_supergamesspring/target/surefire/surefirebooter-20250514112540811_3.jar /home/eparra-v/IdeaProjects/ifct0062_2025_supergamesspring/target/surefire 2025-05-14T11-25-40_621-jvmRun1 surefire-20250514112540811_1tmp surefire_0-20250514112540811_2tmp"/>
    <property name="jdk.debug" value="release"/>
    <property name="surefire.test.class.path" value="/home/eparra-v/IdeaProjects/ifct0062_2025_supergamesspring/target/test-classes:/home/eparra-v/IdeaProjects/ifct0062_2025_supergamesspring/target/classes:/home/eparra-v/.m2/repository/org/springframework/boot/spring-boot-starter-data-jpa/3.4.5/spring-boot-starter-data-jpa-3.4.5.jar:/home/eparra-v/.m2/repository/org/springframework/boot/spring-boot-starter/3.4.5/spring-boot-starter-3.4.5.jar:/home/eparra-v/.m2/repository/org/springframework/boot/spring-boot/3.4.5/spring-boot-3.4.5.jar:/home/eparra-v/.m2/repository/org/springframework/boot/spring-boot-autoconfigure/3.4.5/spring-boot-autoconfigure-3.4.5.jar:/home/eparra-v/.m2/repository/org/springframework/boot/spring-boot-starter-logging/3.4.5/spring-boot-starter-logging-3.4.5.jar:/home/eparra-v/.m2/repository/ch/qos/logback/logback-classic/1.5.18/logback-classic-1.5.18.jar:/home/eparra-v/.m2/repository/ch/qos/logback/logback-core/1.5.18/logback-core-1.5.18.jar:/home/eparra-v/.m2/repository/org/apache/logging/log4j/log4j-to-slf4j/2.24.3/log4j-to-slf4j-2.24.3.jar:/home/eparra-v/.m2/repository/org/apache/logging/log4j/log4j-api/2.24.3/log4j-api-2.24.3.jar:/home/eparra-v/.m2/repository/org/slf4j/jul-to-slf4j/2.0.17/jul-to-slf4j-2.0.17.jar:/home/eparra-v/.m2/repository/jakarta/annotation/jakarta.annotation-api/2.1.1/jakarta.annotation-api-2.1.1.jar:/home/eparra-v/.m2/repository/org/yaml/snakeyaml/2.3/snakeyaml-2.3.jar:/home/eparra-v/.m2/repository/org/springframework/boot/spring-boot-starter-jdbc/3.4.5/spring-boot-starter-jdbc-3.4.5.jar:/home/eparra-v/.m2/repository/com/zaxxer/HikariCP/5.1.0/HikariCP-5.1.0.jar:/home/eparra-v/.m2/repository/org/springframework/spring-jdbc/6.2.6/spring-jdbc-6.2.6.jar:/home/eparra-v/.m2/repository/org/hibernate/orm/hibernate-core/6.6.13.Final/hibernate-core-6.6.13.Final.jar:/home/eparra-v/.m2/repository/jakarta/persistence/jakarta.persistence-api/3.1.0/jakarta.persistence-api-3.1.0.jar:/home/eparra-v/.m2/repository/jakarta/transaction/jakarta.transaction-api/2.0.1/jakarta.transaction-api-2.0.1.jar:/home/eparra-v/.m2/repository/org/jboss/logging/jboss-logging/3.6.1.Final/jboss-logging-3.6.1.Final.jar:/home/eparra-v/.m2/repository/org/hibernate/common/hibernate-commons-annotations/7.0.3.Final/hibernate-commons-annotations-7.0.3.Final.jar:/home/eparra-v/.m2/repository/io/smallrye/jandex/3.2.0/jandex-3.2.0.jar:/home/eparra-v/.m2/repository/com/fasterxml/classmate/1.7.0/classmate-1.7.0.jar:/home/eparra-v/.m2/repository/net/bytebuddy/byte-buddy/1.15.11/byte-buddy-1.15.11.jar:/home/eparra-v/.m2/repository/org/glassfish/jaxb/jaxb-runtime/4.0.5/jaxb-runtime-4.0.5.jar:/home/eparra-v/.m2/repository/org/glassfish/jaxb/jaxb-core/4.0.5/jaxb-core-4.0.5.jar:/home/eparra-v/.m2/repository/org/eclipse/angus/angus-activation/2.0.2/angus-activation-2.0.2.jar:/home/eparra-v/.m2/repository/org/glassfish/jaxb/txw2/4.0.5/txw2-4.0.5.jar:/home/eparra-v/.m2/repository/com/sun/istack/istack-commons-runtime/4.1.2/istack-commons-runtime-4.1.2.jar:/home/eparra-v/.m2/repository/jakarta/inject/jakarta.inject-api/2.0.1/jakarta.inject-api-2.0.1.jar:/home/eparra-v/.m2/repository/org/antlr/antlr4-runtime/4.13.0/antlr4-runtime-4.13.0.jar:/home/eparra-v/.m2/repository/org/springframework/data/spring-data-jpa/3.4.5/spring-data-jpa-3.4.5.jar:/home/eparra-v/.m2/repository/org/springframework/data/spring-data-commons/3.4.5/spring-data-commons-3.4.5.jar:/home/eparra-v/.m2/repository/org/springframework/spring-orm/6.2.6/spring-orm-6.2.6.jar:/home/eparra-v/.m2/repository/org/springframework/spring-context/6.2.6/spring-context-6.2.6.jar:/home/eparra-v/.m2/repository/org/springframework/spring-aop/6.2.6/spring-aop-6.2.6.jar:/home/eparra-v/.m2/repository/org/springframework/spring-tx/6.2.6/spring-tx-6.2.6.jar:/home/eparra-v/.m2/repository/org/springframework/spring-beans/6.2.6/spring-beans-6.2.6.jar:/home/eparra-v/.m2/repository/org/slf4j/slf4j-api/2.0.17/slf4j-api-2.0.17.jar:/home/eparra-v/.m2/repository/org/springframework/spring-aspects/6.2.6/spring-aspects-6.2.6.jar:/home/eparra-v/.m2/repository/org/aspectj/aspectjweaver/1.9.24/aspectjweaver-1.9.24.jar:/home/eparra-v/.m2/repository/org/springframework/boot/spring-boot-starter-thymeleaf/3.4.5/spring-boot-starter-thymeleaf-3.4.5.jar:/home/eparra-v/.m2/repository/org/thymeleaf/thymeleaf-spring6/3.1.3.RELEASE/thymeleaf-spring6-3.1.3.RELEASE.jar:/home/eparra-v/.m2/repository/org/thymeleaf/thymeleaf/3.1.3.RELEASE/thymeleaf-3.1.3.RELEASE.jar:/home/eparra-v/.m2/repository/org/attoparser/attoparser/2.0.7.RELEASE/attoparser-2.0.7.RELEASE.jar:/home/eparra-v/.m2/repository/org/unbescape/unbescape/1.1.6.RELEASE/unbescape-1.1.6.RELEASE.jar:/home/eparra-v/.m2/repository/org/springframework/boot/spring-boot-starter-web/3.4.5/spring-boot-starter-web-3.4.5.jar:/home/eparra-v/.m2/repository/org/springframework/boot/spring-boot-starter-json/3.4.5/spring-boot-starter-json-3.4.5.jar:/home/eparra-v/.m2/repository/com/fasterxml/jackson/core/jackson-databind/2.18.3/jackson-databind-2.18.3.jar:/home/eparra-v/.m2/repository/com/fasterxml/jackson/core/jackson-annotations/2.18.3/jackson-annotations-2.18.3.jar:/home/eparra-v/.m2/repository/com/fasterxml/jackson/core/jackson-core/2.18.3/jackson-core-2.18.3.jar:/home/eparra-v/.m2/repository/com/fasterxml/jackson/datatype/jackson-datatype-jdk8/2.18.3/jackson-datatype-jdk8-2.18.3.jar:/home/eparra-v/.m2/repository/com/fasterxml/jackson/datatype/jackson-datatype-jsr310/2.18.3/jackson-datatype-jsr310-2.18.3.jar:/home/eparra-v/.m2/repository/com/fasterxml/jackson/module/jackson-module-parameter-names/2.18.3/jackson-module-parameter-names-2.18.3.jar:/home/eparra-v/.m2/repository/org/springframework/boot/spring-boot-starter-tomcat/3.4.5/spring-boot-starter-tomcat-3.4.5.jar:/home/eparra-v/.m2/repository/org/apache/tomcat/embed/tomcat-embed-core/10.1.40/tomcat-embed-core-10.1.40.jar:/home/eparra-v/.m2/repository/org/apache/tomcat/embed/tomcat-embed-el/10.1.40/tomcat-embed-el-10.1.40.jar:/home/eparra-v/.m2/repository/org/apache/tomcat/embed/tomcat-embed-websocket/10.1.40/tomcat-embed-websocket-10.1.40.jar:/home/eparra-v/.m2/repository/org/springframework/spring-web/6.2.6/spring-web-6.2.6.jar:/home/eparra-v/.m2/repository/io/micrometer/micrometer-observation/1.14.6/micrometer-observation-1.14.6.jar:/home/eparra-v/.m2/repository/io/micrometer/micrometer-commons/1.14.6/micrometer-commons-1.14.6.jar:/home/eparra-v/.m2/repository/org/springframework/spring-webmvc/6.2.6/spring-webmvc-6.2.6.jar:/home/eparra-v/.m2/repository/org/springframework/spring-expression/6.2.6/spring-expression-6.2.6.jar:/home/eparra-v/.m2/repository/org/postgresql/postgresql/42.7.5/postgresql-42.7.5.jar:/home/eparra-v/.m2/repository/org/checkerframework/checker-qual/3.48.3/checker-qual-3.48.3.jar:/home/eparra-v/.m2/repository/org/springframework/boot/spring-boot-starter-test/3.4.5/spring-boot-starter-test-3.4.5.jar:/home/eparra-v/.m2/repository/org/springframework/boot/spring-boot-test/3.4.5/spring-boot-test-3.4.5.jar:/home/eparra-v/.m2/repository/org/springframework/boot/spring-boot-test-autoconfigure/3.4.5/spring-boot-test-autoconfigure-3.4.5.jar:/home/eparra-v/.m2/repository/com/jayway/jsonpath/json-path/2.9.0/json-path-2.9.0.jar:/home/eparra-v/.m2/repository/jakarta/xml/bind/jakarta.xml.bind-api/4.0.2/jakarta.xml.bind-api-4.0.2.jar:/home/eparra-v/.m2/repository/jakarta/activation/jakarta.activation-api/2.1.3/jakarta.activation-api-2.1.3.jar:/home/eparra-v/.m2/repository/net/minidev/json-smart/2.5.2/json-smart-2.5.2.jar:/home/eparra-v/.m2/repository/net/minidev/accessors-smart/2.5.2/accessors-smart-2.5.2.jar:/home/eparra-v/.m2/repository/org/ow2/asm/asm/9.7.1/asm-9.7.1.jar:/home/eparra-v/.m2/repository/org/assertj/assertj-core/3.26.3/assertj-core-3.26.3.jar:/home/eparra-v/.m2/repository/org/awaitility/awaitility/4.2.2/awaitility-4.2.2.jar:/home/eparra-v/.m2/repository/org/hamcrest/hamcrest/2.2/hamcrest-2.2.jar:/home/eparra-v/.m2/repository/org/junit/jupiter/junit-jupiter/5.11.4/junit-jupiter-5.11.4.jar:/home/eparra-v/.m2/repository/org/junit/jupiter/junit-jupiter-api/5.11.4/junit-jupiter-api-5.11.4.jar:/home/eparra-v/.m2/repository/org/opentest4j/opentest4j/1.3.0/opentest4j-1.3.0.jar:/home/eparra-v/.m2/repository/org/junit/platform/junit-platform-commons/1.11.4/junit-platform-commons-1.11.4.jar:/home/eparra-v/.m2/repository/org/apiguardian/apiguardian-api/1.1.2/apiguardian-api-1.1.2.jar:/home/eparra-v/.m2/repository/org/junit/jupiter/junit-jupiter-params/5.11.4/junit-jupiter-params-5.11.4.jar:/home/eparra-v/.m2/repository/org/junit/jupiter/junit-jupiter-engine/5.11.4/junit-jupiter-engine-5.11.4.jar:/home/eparra-v/.m2/repository/org/junit/platform/junit-platform-engine/1.11.4/junit-platform-engine-1.11.4.jar:/home/eparra-v/.m2/repository/org/mockito/mockito-core/5.14.2/mockito-core-5.14.2.jar:/home/eparra-v/.m2/repository/net/bytebuddy/byte-buddy-agent/1.15.11/byte-buddy-agent-1.15.11.jar:/home/eparra-v/.m2/repository/org/objenesis/objenesis/3.3/objenesis-3.3.jar:/home/eparra-v/.m2/repository/org/mockito/mockito-junit-jupiter/5.14.2/mockito-junit-jupiter-5.14.2.jar:/home/eparra-v/.m2/repository/org/skyscreamer/jsonassert/1.5.3/jsonassert-1.5.3.jar:/home/eparra-v/.m2/repository/com/vaadin/external/google/android-json/0.0.20131108.vaadin1/android-json-0.0.20131108.vaadin1.jar:/home/eparra-v/.m2/repository/org/springframework/spring-core/6.2.6/spring-core-6.2.6.jar:/home/eparra-v/.m2/repository/org/springframework/spring-jcl/6.2.6/spring-jcl-6.2.6.jar:/home/eparra-v/.m2/repository/org/springframework/spring-test/6.2.6/spring-test-6.2.6.jar:/home/eparra-v/.m2/repository/org/xmlunit/xmlunit-core/2.10.0/xmlunit-core-2.10.0.jar:"/>
    <property name="sun.cpu.endian" value="little"/>
    <property name="user.home" value="/home/eparra-v"/>
    <property name="user.language" value="en"/>
    <property name="java.specification.vendor" value="Oracle Corporation"/>
    <property name="java.version.date" value="2025-04-15"/>
    <property name="java.home" value="/home/eparra-v/.sdkman/candidates/java/21.0.7-tem"/>
    <property name="file.separator" value="/"/>
    <property name="basedir" value="/home/eparra-v/IdeaProjects/ifct0062_2025_supergamesspring"/>
    <property name="java.vm.compressedOopsMode" value="Zero based"/>
    <property name="line.separator" value="&#10;"/>
    <property name="java.vm.specification.vendor" value="Oracle Corporation"/>
    <property name="java.specification.name" value="Java Platform API Specification"/>
    <property name="FILE_LOG_CHARSET" value="UTF-8"/>
    <property name="java.awt.headless" value="true"/>
    <property name="surefire.real.class.path" value="/home/eparra-v/IdeaProjects/ifct0062_2025_supergamesspring/target/surefire/surefirebooter-20250514112540811_3.jar"/>
    <property name="sun.management.compiler" value="HotSpot 64-Bit Tiered Compilers"/>
    <property name="java.runtime.version" value="21.0.7+6-LTS"/>
    <property name="user.name" value="eparra-v"/>
    <property name="stdout.encoding" value="UTF-8"/>
    <property name="path.separator" value=":"/>
    <property name="os.version" value="6.11.0-25-generic"/>
    <property name="java.runtime.name" value="OpenJDK Runtime Environment"/>
    <property name="file.encoding" value="UTF-8"/>
    <property name="java.vm.name" value="OpenJDK 64-Bit Server VM"/>
    <property name="java.vendor.version" value="Temurin-21.0.7+6"/>
    <property name="localRepository" value="/home/eparra-v/.m2/repository"/>
    <property name="java.vendor.url.bug" value="https://github.com/adoptium/adoptium-support/issues"/>
    <property name="java.io.tmpdir" value="/tmp"/>
    <property name="com.zaxxer.hikari.pool_number" value="1"/>
    <property name="java.version" value="21.0.7"/>
    <property name="user.dir" value="/home/eparra-v/IdeaProjects/ifct0062_2025_supergamesspring"/>
    <property name="os.arch" value="amd64"/>
    <property name="java.vm.specification.name" value="Java Virtual Machine Specification"/>
    <property name="PID" value="20627"/>
    <property name="CONSOLE_LOG_CHARSET" value="UTF-8"/>
    <property name="native.encoding" value="UTF-8"/>
    <property name="java.library.path" value="/usr/java/packages/lib:/usr/lib64:/lib64:/lib:/usr/lib"/>
    <property name="java.vm.info" value="mixed mode, sharing"/>
    <property name="stderr.encoding" value="UTF-8"/>
    <property name="java.vendor" value="Eclipse Adoptium"/>
    <property name="java.vm.version" value="21.0.7+6-LTS"/>
    <property name="sun.io.unicode.encoding" value="UnicodeLittle"/>
    <property name="java.class.version" value="65.0"/>
    <property name="LOGGED_APPLICATION_NAME" value="[ifct0062_2025_supergamesspring] "/>
  </properties>
  <testcase name="getGamesByPlatform" classname="com.fernandopaniagua.ifct0062_2025_supergamesspring.services.VideogameServiceTest" time="0.727">
    <system-out><![CDATA[2025-05-14T11:25:51.882+02:00  INFO 20627 --- [ifct0062_2025_supergamesspring] [           main] t.c.s.AnnotationConfigContextLoaderUtils : Could not detect default configuration classes for test class [com.fernandopaniagua.ifct0062_2025_supergamesspring.services.VideogameServiceTest]: VideogameServiceTest does not declare any static, non-private, non-final, nested classes annotated with @Configuration.
2025-05-14T11:25:51.925+02:00  INFO 20627 --- [ifct0062_2025_supergamesspring] [           main] .b.t.c.SpringBootTestContextBootstrapper : Found @SpringBootConfiguration com.fernandopaniagua.ifct0062_2025_supergamesspring.Ifct00622025SupergamesspringApplication for test class com.fernandopaniagua.ifct0062_2025_supergamesspring.services.VideogameServiceTest
Hibernate: select v1_0.id,v1_0.idgenre,v1_0.multiplayer,v1_0.platform,v1_0.pvp,v1_0.title from tvideojuegos v1_0 where v1_0.platform=?
Hibernate: select g1_0.id,g1_0.description,g1_0.name from tgeneros g1_0 where g1_0.id=?
Hibernate: select g1_0.id,g1_0.description,g1_0.name from tgeneros g1_0 where g1_0.id=?
Hibernate: select g1_0.id,g1_0.description,g1_0.name from tgeneros g1_0 where g1_0.id=?
Hibernate: select g1_0.id,g1_0.description,g1_0.name from tgeneros g1_0 where g1_0.id=?
Hibernate: select g1_0.id,g1_0.description,g1_0.name from tgeneros g1_0 where g1_0.id=?
]]></system-out>
    <system-err><![CDATA[Videogame{id=103, title='Dungeon Quest', platform='Xbox', multiplayer=true, price=24, genre=Genre{id=3, name='Rol (RPG)', description='Permiten al jugador asumir el papel de un personaje en un mundo ficticio, desarrollando sus habilidades, historia y decisiones'}}
Videogame{id=105, title='Stealth Ops', platform='Xbox', multiplayer=false, price=40, genre=Genre{id=4, name='Estrategia', description='Requieren planificación táctica y toma de decisiones para alcanzar objetivos, ya sea en tiempo real o por turnos'}}
Videogame{id=114, title='Mythical Realms', platform='Xbox', multiplayer=false, price=34, genre=Genre{id=3, name='Rol (RPG)', description='Permiten al jugador asumir el papel de un personaje en un mundo ficticio, desarrollando sus habilidades, historia y decisiones'}}
Videogame{id=117, title='Ninja Jump', platform='Xbox', multiplayer=false, price=41, genre=Genre{id=3, name='Rol (RPG)', description='Permiten al jugador asumir el papel de un personaje en un mundo ficticio, desarrollando sus habilidades, historia y decisiones'}}
Videogame{id=126, title='Arcade Master', platform='Xbox', multiplayer=false, price=23, genre=Genre{id=5, name='Deportes', description='Simulan actividades deportivas reales como fútbol, baloncesto o carreras, con énfasis en competición y habilidades'}}
Videogame{id=133, title='Tactical Edge', platform='Xbox', multiplayer=false, price=77, genre=Genre{id=1, name='Plataformas', description='Se caracterizan por tener que caminar, correr, saltar o escalar sobre una serie de plataformas y acantilados, con enemigos, mientras se recogen objetos para poder completar el juego'}}
Videogame{id=144, title='Penalty Shot', platform='Xbox', multiplayer=false, price=30, genre=Genre{id=4, name='Estrategia', description='Requieren planificación táctica y toma de decisiones para alcanzar objetivos, ya sea en tiempo real o por turnos'}}
Videogame{id=148, title='Chess Lord', platform='Xbox', multiplayer=true, price=61, genre=Genre{id=1, name='Plataformas', description='Se caracterizan por tener que caminar, correr, saltar o escalar sobre una serie de plataformas y acantilados, con enemigos, mientras se recogen objetos para poder completar el juego'}}
Videogame{id=151, title='Iron Glory', platform='Xbox', multiplayer=true, price=80, genre=Genre{id=5, name='Deportes', description='Simulan actividades deportivas reales como fútbol, baloncesto o carreras, con énfasis en competición y habilidades'}}
Videogame{id=154, title='Free Kick', platform='Xbox', multiplayer=true, price=28, genre=Genre{id=2, name='Shooter', description='Se centra en el uso de armas de fuego para combatir enemigos en escenarios de acción rápida, en primera o tercera persona'}}
Videogame{id=164, title='Race Royale', platform='Xbox', multiplayer=true, price=46, genre=Genre{id=3, name='Rol (RPG)', description='Permiten al jugador asumir el papel de un personaje en un mundo ficticio, desarrollando sus habilidades, historia y decisiones'}}
Videogame{id=166, title='Magic Tides', platform='Xbox', multiplayer=true, price=66, genre=Genre{id=1, name='Plataformas', description='Se caracterizan por tener que caminar, correr, saltar o escalar sobre una serie de plataformas y acantilados, con enemigos, mientras se recogen objetos para poder completar el juego'}}
Videogame{id=167, title='Aim Zone', platform='Xbox', multiplayer=false, price=28, genre=Genre{id=2, name='Shooter', description='Se centra en el uso de armas de fuego para combatir enemigos en escenarios de acción rápida, en primera o tercera persona'}}
Videogame{id=168, title='Jungle Dash', platform='Xbox', multiplayer=false, price=35, genre=Genre{id=1, name='Plataformas', description='Se caracterizan por tener que caminar, correr, saltar o escalar sobre una serie de plataformas y acantilados, con enemigos, mientras se recogen objetos para poder completar el juego'}}
Videogame{id=176, title='Stormfire', platform='Xbox', multiplayer=true, price=65, genre=Genre{id=4, name='Estrategia', description='Requieren planificación táctica y toma de decisiones para alcanzar objetivos, ya sea en tiempo real o por turnos'}}
Videogame{id=177, title='Rogue Shift', platform='Xbox', multiplayer=false, price=54, genre=Genre{id=3, name='Rol (RPG)', description='Permiten al jugador asumir el papel de un personaje en un mundo ficticio, desarrollando sus habilidades, historia y decisiones'}}
Videogame{id=184, title='Tennis Star', platform='Xbox', multiplayer=false, price=68, genre=Genre{id=2, name='Shooter', description='Se centra en el uso de armas de fuego para combatir enemigos en escenarios de acción rápida, en primera o tercera persona'}}
Videogame{id=186, title='Sniper Nest', platform='Xbox', multiplayer=true, price=39, genre=Genre{id=3, name='Rol (RPG)', description='Permiten al jugador asumir el papel de un personaje en un mundo ficticio, desarrollando sus habilidades, historia y decisiones'}}
Videogame{id=191, title='Rapid Fire', platform='Xbox', multiplayer=false, price=59, genre=Genre{id=2, name='Shooter', description='Se centra en el uso de armas de fuego para combatir enemigos en escenarios de acción rápida, en primera o tercera persona'}}
]]></system-err>
  </testcase>
</testsuite>