<?xml version="1.0" encoding="UTF-8"?>
<testsuite xmlns:xsi="http://www.w3.org/2001/XMLSchema-instance" xsi:noNamespaceSchemaLocation="https://maven.apache.org/surefire/maven-surefire-plugin/xsd/surefire-test-report.xsd" version="3.0.2" name="com.fernandopaniagua.ifct0062_2025_supergamesspring.Ifct00622025SupergamesspringApplicationTests" time="9.627" tests="1" errors="0" skipped="0" failures="0">
  <properties>
    <property name="java.specification.version" value="21"/>
    <property name="sun.jnu.encoding" value="UTF-8"/>
    <property name="java.class.path" value="/home/eparra-v/IdeaProjects/ifct0062_2025_supergamesspring/target/test-classes:/home/eparra-v/IdeaProjects/ifct0062_2025_supergamesspring/target/classes:/home/eparra-v/.m2/repository/org/springframework/boot/spring-boot-starter-data-jpa/3.4.5/spring-boot-starter-data-jpa-3.4.5.jar:/home/eparra-v/.m2/repository/org/springframework/boot/spring-boot-starter/3.4.5/spring-boot-starter-3.4.5.jar:/home/eparra-v/.m2/repository/org/springframework/boot/spring-boot/3.4.5/spring-boot-3.4.5.jar:/home/eparra-v/.m2/repository/org/springframework/boot/spring-boot-autoconfigure/3.4.5/spring-boot-autoconfigure-3.4.5.jar:/home/eparra-v/.m2/repository/org/springframework/boot/spring-boot-starter-logging/3.4.5/spring-boot-starter-logging-3.4.5.jar:/home/eparra-v/.m2/repository/ch/qos/logback/logback-classic/1.5.18/logback-classic-1.5.18.jar:/home/eparra-v/.m2/repository/ch/qos/logback/logback-core/1.5.18/logback-core-1.5.18.jar:/home/eparra-v/.m2/repository/org/apache/logging/log4j/log4j-to-slf4j/2.24.3/log4j-to-slf4j-2.24.3.jar:/home/eparra-v/.m2/repository/org/apache/logging/log4j/log4j-api/2.24.3/log4j-api-2.24.3.jar:/home/eparra-v/.m2/repository/org/slf4j/jul-to-slf4j/2.0.17/jul-to-slf4j-2.0.17.jar:/home/eparra-v/.m2/repository/jakarta/annotation/jakarta.annotation-api/2.1.1/jakarta.annotation-api-2.1.1.jar:/home/eparra-v/.m2/repository/org/yaml/snakeyaml/2.3/snakeyaml-2.3.jar:/home/eparra-v/.m2/repository/org/springframework/boot/spring-boot-starter-jdbc/3.4.5/spring-boot-starter-jdbc-3.4.5.jar:/home/eparra-v/.m2/repository/com/zaxxer/HikariCP/5.1.0/HikariCP-5.1.0.jar:/home/eparra-v/.m2/repository/org/springframework/spring-jdbc/6.2.6/spring-jdbc-6.2.6.jar:/home/eparra-v/.m2/repository/org/hibernate/orm/hibernate-core/6.6.13.Final/hibernate-core-6.6.13.Final.jar:/home/eparra-v/.m2/repository/jakarta/persistence/jakarta.persistence-api/3.1.0/jakarta.persistence-api-3.1.0.jar:/home/eparra-v/.m2/repository/jakarta/transaction/jakarta.transaction-api/2.0.1/jakarta.transaction-api-2.0.1.jar:/home/eparra-v/.m2/repository/org/jboss/logging/jboss-logging/3.6.1.Final/jboss-logging-3.6.1.Final.jar:/home/eparra-v/.m2/repository/org/hibernate/common/hibernate-commons-annotations/7.0.3.Final/hibernate-commons-annotations-7.0.3.Final.jar:/home/eparra-v/.m2/repository/io/smallrye/jandex/3.2.0/jandex-3.2.0.jar:/home/eparra-v/.m2/repository/com/fasterxml/classmate/1.7.0/classmate-1.7.0.jar:/home/eparra-v/.m2/repository/net/bytebuddy/byte-buddy/1.15.11/byte-buddy-1.15.11.jar:/home/eparra-v/.m2/repository/org/glassfish/jaxb/jaxb-runtime/4.0.5/jaxb-runtime-4.0.5.jar:/home/eparra-v/.m2/repository/org/glassfish/jaxb/jaxb-core/4.0.5/jaxb-core-4.0.5.jar:/home/eparra-v/.m2/repository/org/eclipse/angus/angus-activation/2.0.2/angus-activation-2.0.2.jar:/home/eparra-v/.m2/repository/org/glassfish/jaxb/txw2/4.0.5/txw2-4.0.5.jar:/home/eparra-v/.m2/repository/com/sun/istack/istack-commons-runtime/4.1.2/istack-commons-runtime-4.1.2.jar:/home/eparra-v/.m2/repository/jakarta/inject/jakarta.inject-api/2.0.1/jakarta.inject-api-2.0.1.jar:/home/eparra-v/.m2/repository/org/antlr/antlr4-runtime/4.13.0/antlr4-runtime-4.13.0.jar:/home/eparra-v/.m2/repository/org/springframework/data/spring-data-jpa/3.4.5/spring-data-jpa-3.4.5.jar:/home/eparra-v/.m2/repository/org/springframework/data/spring-data-commons/3.4.5/spring-data-commons-3.4.5.jar:/home/eparra-v/.m2/repository/org/springframework/spring-orm/6.2.6/spring-orm-6.2.6.jar:/home/eparra-v/.m2/repository/org/springframework/spring-context/6.2.6/spring-context-6.2.6.jar:/home/eparra-v/.m2/repository/org/springframework/spring-aop/6.2.6/spring-aop-6.2.6.jar:/home/eparra-v/.m2/repository/org/springframework/spring-tx/6.2.6/spring-tx-6.2.6.jar:/home/eparra-v/.m2/repository/org/springframework/spring-beans/6.2.6/spring-beans-6.2.6.jar:/home/eparra-v/.m2/repository/org/slf4j/slf4j-api/2.0.17/slf4j-api-2.0.17.jar:/home/eparra-v/.m2/repository/org/springframework/spring-aspects/6.2.6/spring-aspects-6.2.6.jar:/home/eparra-v/.m2/repository/org/aspectj/aspectjweaver/1.9.24/aspectjweaver-1.9.24.jar:/home/eparra-v/.m2/repository/org/springframework/boot/spring-boot-starter-thymeleaf/3.4.5/spring-boot-starter-thymeleaf-3.4.5.jar:/home/eparra-v/.m2/repository/org/thymeleaf/thymeleaf-spring6/3.1.3.RELEASE/thymeleaf-spring6-3.1.3.RELEASE.jar:/home/eparra-v/.m2/repository/org/thymeleaf/thymeleaf/3.1.3.RELEASE/thymeleaf-3.1.3.RELEASE.jar:/home/eparra-v/.m2/repository/org/attoparser/attoparser/2.0.7.RELEASE/attoparser-2.0.7.RELEASE.jar:/home/eparra-v/.m2/repository/org/unbescape/unbescape/1.1.6.RELEASE/unbescape-1.1.6.RELEASE.jar:/home/eparra-v/.m2/repository/org/springframework/boot/spring-boot-starter-web/3.4.5/spring-boot-starter-web-3.4.5.jar:/home/eparra-v/.m2/repository/org/springframework/boot/spring-boot-starter-json/3.4.5/spring-boot-starter-json-3.4.5.jar:/home/eparra-v/.m2/repository/com/fasterxml/jackson/core/jackson-databind/2.18.3/jackson-databind-2.18.3.jar:/home/eparra-v/.m2/repository/com/fasterxml/jackson/core/jackson-annotations/2.18.3/jackson-annotations-2.18.3.jar:/home/eparra-v/.m2/repository/com/fasterxml/jackson/core/jackson-core/2.18.3/jackson-core-2.18.3.jar:/home/eparra-v/.m2/repository/com/fasterxml/jackson/datatype/jackson-datatype-jdk8/2.18.3/jackson-datatype-jdk8-2.18.3.jar:/home/eparra-v/.m2/repository/com/fasterxml/jackson/datatype/jackson-datatype-jsr310/2.18.3/jackson-datatype-jsr310-2.18.3.jar:/home/eparra-v/.m2/repository/com/fasterxml/jackson/module/jackson-module-parameter-names/2.18.3/jackson-module-parameter-names-2.18.3.jar:/home/eparra-v/.m2/repository/org/springframework/boot/spring-boot-starter-tomcat/3.4.5/spring-boot-starter-tomcat-3.4.5.jar:/home/eparra-v/.m2/repository/org/apache/tomcat/embed/tomcat-embed-core/10.1.40/tomcat-embed-core-10.1.40.jar:/home/eparra-v/.m2/repository/org/apache/tomcat/embed/tomcat-embed-el/10.1.40/tomcat-embed-el-10.1.40.jar:/home/eparra-v/.m2/repository/org/apache/tomcat/embed/tomcat-embed-websocket/10.1.40/tomcat-embed-websocket-10.1.40.jar:/home/eparra-v/.m2/repository/org/springframework/spring-web/6.2.6/spring-web-6.2.6.jar:/home/eparra-v/.m2/repository/io/micrometer/micrometer-observation/1.14.6/micrometer-observation-1.14.6.jar:/home/eparra-v/.m2/repository/io/micrometer/micrometer-commons/1.14.6/micrometer-commons-1.14.6.jar:/home/eparra-v/.m2/repository/org/springframework/spring-webmvc/6.2.6/spring-webmvc-6.2.6.jar:/home/eparra-v/.m2/repository/org/springframework/spring-expression/6.2.6/spring-expression-6.2.6.jar:/home/eparra-v/.m2/repository/org/postgresql/postgresql/42.7.5/postgresql-42.7.5.jar:/home/eparra-v/.m2/repository/org/checkerframework/checker-qual/3.48.3/checker-qual-3.48.3.jar:/home/eparra-v/.m2/repository/org/springframework/boot/spring-boot-starter-test/3.4.5/spring-boot-starter-test-3.4.5.jar:/home/eparra-v/.m2/repository/org/springframework/boot/spring-boot-test/3.4.5/spring-boot-test-3.4.5.jar:/home/eparra-v/.m2/repository/org/springframework/boot/spring-boot-test-autoconfigure/3.4.5/spring-boot-test-autoconfigure-3.4.5.jar:/home/eparra-v/.m2/repository/com/jayway/jsonpath/json-path/2.9.0/json-path-2.9.0.jar:/home/eparra-v/.m2/repository/jakarta/xml/bind/jakarta.xml.bind-api/4.0.2/jakarta.xml.bind-api-4.0.2.jar:/home/eparra-v/.m2/repository/jakarta/activation/jakarta.activation-api/2.1.3/jakarta.activation-api-2.1.3.jar:/home/eparra-v/.m2/repository/net/minidev/json-smart/2.5.2/json-smart-2.5.2.jar:/home/eparra-v/.m2/repository/net/minidev/accessors-smart/2.5.2/accessors-smart-2.5.2.jar:/home/eparra-v/.m2/repository/org/ow2/asm/asm/9.7.1/asm-9.7.1.jar:/home/eparra-v/.m2/repository/org/assertj/assertj-core/3.26.3/assertj-core-3.26.3.jar:/home/eparra-v/.m2/repository/org/awaitility/awaitility/4.2.2/awaitility-4.2.2.jar:/home/eparra-v/.m2/repository/org/hamcrest/hamcrest/2.2/hamcrest-2.2.jar:/home/eparra-v/.m2/repository/org/junit/jupiter/junit-jupiter/5.11.4/junit-jupiter-5.11.4.jar:/home/eparra-v/.m2/repository/org/junit/jupiter/junit-jupiter-api/5.11.4/junit-jupiter-api-5.11.4.jar:/home/eparra-v/.m2/repository/org/opentest4j/opentest4j/1.3.0/opentest4j-1.3.0.jar:/home/eparra-v/.m2/repository/org/junit/platform/junit-platform-commons/1.11.4/junit-platform-commons-1.11.4.jar:/home/eparra-v/.m2/repository/org/apiguardian/apiguardian-api/1.1.2/apiguardian-api-1.1.2.jar:/home/eparra-v/.m2/repository/org/junit/jupiter/junit-jupiter-params/5.11.4/junit-jupiter-params-5.11.4.jar:/home/eparra-v/.m2/repository/org/junit/jupiter/junit-jupiter-engine/5.11.4/junit-jupiter-engine-5.11.4.jar:/home/eparra-v/.m2/repository/org/junit/platform/junit-platform-engine/1.11.4/junit-platform-engine-1.11.4.jar:/home/eparra-v/.m2/repository/org/mockito/mockito-core/5.14.2/mockito-core-5.14.2.jar:/home/eparra-v/.m2/repository/net/bytebuddy/byte-buddy-agent/1.15.11/byte-buddy-agent-1.15.11.jar:/home/eparra-v/.m2/repository/org/objenesis/objenesis/3.3/objenesis-3.3.jar:/home/eparra-v/.m2/repository/org/mockito/mockito-junit-jupiter/5.14.2/mockito-junit-jupiter-5.14.2.jar:/home/eparra-v/.m2/repository/org/skyscreamer/jsonassert/1.5.3/jsonassert-1.5.3.jar:/home/eparra-v/.m2/repository/com/vaadin/external/google/android-json/0.0.20131108.vaadin1/android-json-0.0.20131108.vaadin1.jar:/home/eparra-v/.m2/repository/org/springframework/spring-core/6.2.6/spring-core-6.2.6.jar:/home/eparra-v/.m2/repository/org/springframework/spring-jcl/6.2.6/spring-jcl-6.2.6.jar:/home/eparra-v/.m2/repository/org/springframework/spring-test/6.2.6/spring-test-6.2.6.jar:/home/eparra-v/.m2/repository/org/xmlunit/xmlunit-core/2.10.0/xmlunit-core-2.10.0.jar:"/>
    <property name="java.vm.vendor" value="Eclipse Adoptium"/>
    <property name="sun.arch.data.model" value="64"/>
    <property name="java.vendor.url" value="https://adoptium.net/"/>
    <property name="user.timezone" value="Europe/Madrid"/>
    <property name="org.jboss.logging.provider" value="slf4j"/>
    <property name="os.name" value="Linux"/>
    <property name="java.vm.specification.version" value="21"/>
    <property name="APPLICATION_NAME" value="ifct0062_2025_supergamesspring"/>
    <property name="sun.java.launcher" value="SUN_STANDARD"/>
    <property name="user.country" value="US"/>
    <property name="sun.boot.library.path" value="/home/eparra-v/.sdkman/candidates/java/21.0.7-tem/lib"/>
    <property name="sun.java.command" value="/home/eparra-v/IdeaProjects/ifct0062_2025_supergamesspring/target/surefire/surefirebooter-20250514112540811_3.jar /home/eparra-v/IdeaProjects/ifct0062_2025_supergamesspring/target/surefire 2025-05-14T11-25-40_621-jvmRun1 surefire-20250514112540811_1tmp surefire_0-20250514112540811_2tmp"/>
    <property name="jdk.debug" value="release"/>
    <property name="surefire.test.class.path" value="/home/eparra-v/IdeaProjects/ifct0062_2025_supergamesspring/target/test-classes:/home/eparra-v/IdeaProjects/ifct0062_2025_supergamesspring/target/classes:/home/eparra-v/.m2/repository/org/springframework/boot/spring-boot-starter-data-jpa/3.4.5/spring-boot-starter-data-jpa-3.4.5.jar:/home/eparra-v/.m2/repository/org/springframework/boot/spring-boot-starter/3.4.5/spring-boot-starter-3.4.5.jar:/home/eparra-v/.m2/repository/org/springframework/boot/spring-boot/3.4.5/spring-boot-3.4.5.jar:/home/eparra-v/.m2/repository/org/springframework/boot/spring-boot-autoconfigure/3.4.5/spring-boot-autoconfigure-3.4.5.jar:/home/eparra-v/.m2/repository/org/springframework/boot/spring-boot-starter-logging/3.4.5/spring-boot-starter-logging-3.4.5.jar:/home/eparra-v/.m2/repository/ch/qos/logback/logback-classic/1.5.18/logback-classic-1.5.18.jar:/home/eparra-v/.m2/repository/ch/qos/logback/logback-core/1.5.18/logback-core-1.5.18.jar:/home/eparra-v/.m2/repository/org/apache/logging/log4j/log4j-to-slf4j/2.24.3/log4j-to-slf4j-2.24.3.jar:/home/eparra-v/.m2/repository/org/apache/logging/log4j/log4j-api/2.24.3/log4j-api-2.24.3.jar:/home/eparra-v/.m2/repository/org/slf4j/jul-to-slf4j/2.0.17/jul-to-slf4j-2.0.17.jar:/home/eparra-v/.m2/repository/jakarta/annotation/jakarta.annotation-api/2.1.1/jakarta.annotation-api-2.1.1.jar:/home/eparra-v/.m2/repository/org/yaml/snakeyaml/2.3/snakeyaml-2.3.jar:/home/eparra-v/.m2/repository/org/springframework/boot/spring-boot-starter-jdbc/3.4.5/spring-boot-starter-jdbc-3.4.5.jar:/home/eparra-v/.m2/repository/com/zaxxer/HikariCP/5.1.0/HikariCP-5.1.0.jar:/home/eparra-v/.m2/repository/org/springframework/spring-jdbc/6.2.6/spring-jdbc-6.2.6.jar:/home/eparra-v/.m2/repository/org/hibernate/orm/hibernate-core/6.6.13.Final/hibernate-core-6.6.13.Final.jar:/home/eparra-v/.m2/repository/jakarta/persistence/jakarta.persistence-api/3.1.0/jakarta.persistence-api-3.1.0.jar:/home/eparra-v/.m2/repository/jakarta/transaction/jakarta.transaction-api/2.0.1/jakarta.transaction-api-2.0.1.jar:/home/eparra-v/.m2/repository/org/jboss/logging/jboss-logging/3.6.1.Final/jboss-logging-3.6.1.Final.jar:/home/eparra-v/.m2/repository/org/hibernate/common/hibernate-commons-annotations/7.0.3.Final/hibernate-commons-annotations-7.0.3.Final.jar:/home/eparra-v/.m2/repository/io/smallrye/jandex/3.2.0/jandex-3.2.0.jar:/home/eparra-v/.m2/repository/com/fasterxml/classmate/1.7.0/classmate-1.7.0.jar:/home/eparra-v/.m2/repository/net/bytebuddy/byte-buddy/1.15.11/byte-buddy-1.15.11.jar:/home/eparra-v/.m2/repository/org/glassfish/jaxb/jaxb-runtime/4.0.5/jaxb-runtime-4.0.5.jar:/home/eparra-v/.m2/repository/org/glassfish/jaxb/jaxb-core/4.0.5/jaxb-core-4.0.5.jar:/home/eparra-v/.m2/repository/org/eclipse/angus/angus-activation/2.0.2/angus-activation-2.0.2.jar:/home/eparra-v/.m2/repository/org/glassfish/jaxb/txw2/4.0.5/txw2-4.0.5.jar:/home/eparra-v/.m2/repository/com/sun/istack/istack-commons-runtime/4.1.2/istack-commons-runtime-4.1.2.jar:/home/eparra-v/.m2/repository/jakarta/inject/jakarta.inject-api/2.0.1/jakarta.inject-api-2.0.1.jar:/home/eparra-v/.m2/repository/org/antlr/antlr4-runtime/4.13.0/antlr4-runtime-4.13.0.jar:/home/eparra-v/.m2/repository/org/springframework/data/spring-data-jpa/3.4.5/spring-data-jpa-3.4.5.jar:/home/eparra-v/.m2/repository/org/springframework/data/spring-data-commons/3.4.5/spring-data-commons-3.4.5.jar:/home/eparra-v/.m2/repository/org/springframework/spring-orm/6.2.6/spring-orm-6.2.6.jar:/home/eparra-v/.m2/repository/org/springframework/spring-context/6.2.6/spring-context-6.2.6.jar:/home/eparra-v/.m2/repository/org/springframework/spring-aop/6.2.6/spring-aop-6.2.6.jar:/home/eparra-v/.m2/repository/org/springframework/spring-tx/6.2.6/spring-tx-6.2.6.jar:/home/eparra-v/.m2/repository/org/springframework/spring-beans/6.2.6/spring-beans-6.2.6.jar:/home/eparra-v/.m2/repository/org/slf4j/slf4j-api/2.0.17/slf4j-api-2.0.17.jar:/home/eparra-v/.m2/repository/org/springframework/spring-aspects/6.2.6/spring-aspects-6.2.6.jar:/home/eparra-v/.m2/repository/org/aspectj/aspectjweaver/1.9.24/aspectjweaver-1.9.24.jar:/home/eparra-v/.m2/repository/org/springframework/boot/spring-boot-starter-thymeleaf/3.4.5/spring-boot-starter-thymeleaf-3.4.5.jar:/home/eparra-v/.m2/repository/org/thymeleaf/thymeleaf-spring6/3.1.3.RELEASE/thymeleaf-spring6-3.1.3.RELEASE.jar:/home/eparra-v/.m2/repository/org/thymeleaf/thymeleaf/3.1.3.RELEASE/thymeleaf-3.1.3.RELEASE.jar:/home/eparra-v/.m2/repository/org/attoparser/attoparser/2.0.7.RELEASE/attoparser-2.0.7.RELEASE.jar:/home/eparra-v/.m2/repository/org/unbescape/unbescape/1.1.6.RELEASE/unbescape-1.1.6.RELEASE.jar:/home/eparra-v/.m2/repository/org/springframework/boot/spring-boot-starter-web/3.4.5/spring-boot-starter-web-3.4.5.jar:/home/eparra-v/.m2/repository/org/springframework/boot/spring-boot-starter-json/3.4.5/spring-boot-starter-json-3.4.5.jar:/home/eparra-v/.m2/repository/com/fasterxml/jackson/core/jackson-databind/2.18.3/jackson-databind-2.18.3.jar:/home/eparra-v/.m2/repository/com/fasterxml/jackson/core/jackson-annotations/2.18.3/jackson-annotations-2.18.3.jar:/home/eparra-v/.m2/repository/com/fasterxml/jackson/core/jackson-core/2.18.3/jackson-core-2.18.3.jar:/home/eparra-v/.m2/repository/com/fasterxml/jackson/datatype/jackson-datatype-jdk8/2.18.3/jackson-datatype-jdk8-2.18.3.jar:/home/eparra-v/.m2/repository/com/fasterxml/jackson/datatype/jackson-datatype-jsr310/2.18.3/jackson-datatype-jsr310-2.18.3.jar:/home/eparra-v/.m2/repository/com/fasterxml/jackson/module/jackson-module-parameter-names/2.18.3/jackson-module-parameter-names-2.18.3.jar:/home/eparra-v/.m2/repository/org/springframework/boot/spring-boot-starter-tomcat/3.4.5/spring-boot-starter-tomcat-3.4.5.jar:/home/eparra-v/.m2/repository/org/apache/tomcat/embed/tomcat-embed-core/10.1.40/tomcat-embed-core-10.1.40.jar:/home/eparra-v/.m2/repository/org/apache/tomcat/embed/tomcat-embed-el/10.1.40/tomcat-embed-el-10.1.40.jar:/home/eparra-v/.m2/repository/org/apache/tomcat/embed/tomcat-embed-websocket/10.1.40/tomcat-embed-websocket-10.1.40.jar:/home/eparra-v/.m2/repository/org/springframework/spring-web/6.2.6/spring-web-6.2.6.jar:/home/eparra-v/.m2/repository/io/micrometer/micrometer-observation/1.14.6/micrometer-observation-1.14.6.jar:/home/eparra-v/.m2/repository/io/micrometer/micrometer-commons/1.14.6/micrometer-commons-1.14.6.jar:/home/eparra-v/.m2/repository/org/springframework/spring-webmvc/6.2.6/spring-webmvc-6.2.6.jar:/home/eparra-v/.m2/repository/org/springframework/spring-expression/6.2.6/spring-expression-6.2.6.jar:/home/eparra-v/.m2/repository/org/postgresql/postgresql/42.7.5/postgresql-42.7.5.jar:/home/eparra-v/.m2/repository/org/checkerframework/checker-qual/3.48.3/checker-qual-3.48.3.jar:/home/eparra-v/.m2/repository/org/springframework/boot/spring-boot-starter-test/3.4.5/spring-boot-starter-test-3.4.5.jar:/home/eparra-v/.m2/repository/org/springframework/boot/spring-boot-test/3.4.5/spring-boot-test-3.4.5.jar:/home/eparra-v/.m2/repository/org/springframework/boot/spring-boot-test-autoconfigure/3.4.5/spring-boot-test-autoconfigure-3.4.5.jar:/home/eparra-v/.m2/repository/com/jayway/jsonpath/json-path/2.9.0/json-path-2.9.0.jar:/home/eparra-v/.m2/repository/jakarta/xml/bind/jakarta.xml.bind-api/4.0.2/jakarta.xml.bind-api-4.0.2.jar:/home/eparra-v/.m2/repository/jakarta/activation/jakarta.activation-api/2.1.3/jakarta.activation-api-2.1.3.jar:/home/eparra-v/.m2/repository/net/minidev/json-smart/2.5.2/json-smart-2.5.2.jar:/home/eparra-v/.m2/repository/net/minidev/accessors-smart/2.5.2/accessors-smart-2.5.2.jar:/home/eparra-v/.m2/repository/org/ow2/asm/asm/9.7.1/asm-9.7.1.jar:/home/eparra-v/.m2/repository/org/assertj/assertj-core/3.26.3/assertj-core-3.26.3.jar:/home/eparra-v/.m2/repository/org/awaitility/awaitility/4.2.2/awaitility-4.2.2.jar:/home/eparra-v/.m2/repository/org/hamcrest/hamcrest/2.2/hamcrest-2.2.jar:/home/eparra-v/.m2/repository/org/junit/jupiter/junit-jupiter/5.11.4/junit-jupiter-5.11.4.jar:/home/eparra-v/.m2/repository/org/junit/jupiter/junit-jupiter-api/5.11.4/junit-jupiter-api-5.11.4.jar:/home/eparra-v/.m2/repository/org/opentest4j/opentest4j/1.3.0/opentest4j-1.3.0.jar:/home/eparra-v/.m2/repository/org/junit/platform/junit-platform-commons/1.11.4/junit-platform-commons-1.11.4.jar:/home/eparra-v/.m2/repository/org/apiguardian/apiguardian-api/1.1.2/apiguardian-api-1.1.2.jar:/home/eparra-v/.m2/repository/org/junit/jupiter/junit-jupiter-params/5.11.4/junit-jupiter-params-5.11.4.jar:/home/eparra-v/.m2/repository/org/junit/jupiter/junit-jupiter-engine/5.11.4/junit-jupiter-engine-5.11.4.jar:/home/eparra-v/.m2/repository/org/junit/platform/junit-platform-engine/1.11.4/junit-platform-engine-1.11.4.jar:/home/eparra-v/.m2/repository/org/mockito/mockito-core/5.14.2/mockito-core-5.14.2.jar:/home/eparra-v/.m2/repository/net/bytebuddy/byte-buddy-agent/1.15.11/byte-buddy-agent-1.15.11.jar:/home/eparra-v/.m2/repository/org/objenesis/objenesis/3.3/objenesis-3.3.jar:/home/eparra-v/.m2/repository/org/mockito/mockito-junit-jupiter/5.14.2/mockito-junit-jupiter-5.14.2.jar:/home/eparra-v/.m2/repository/org/skyscreamer/jsonassert/1.5.3/jsonassert-1.5.3.jar:/home/eparra-v/.m2/repository/com/vaadin/external/google/android-json/0.0.20131108.vaadin1/android-json-0.0.20131108.vaadin1.jar:/home/eparra-v/.m2/repository/org/springframework/spring-core/6.2.6/spring-core-6.2.6.jar:/home/eparra-v/.m2/repository/org/springframework/spring-jcl/6.2.6/spring-jcl-6.2.6.jar:/home/eparra-v/.m2/repository/org/springframework/spring-test/6.2.6/spring-test-6.2.6.jar:/home/eparra-v/.m2/repository/org/xmlunit/xmlunit-core/2.10.0/xmlunit-core-2.10.0.jar:"/>
    <property name="sun.cpu.endian" value="little"/>
    <property name="user.home" value="/home/eparra-v"/>
    <property name="user.language" value="en"/>
    <property name="java.specification.vendor" value="Oracle Corporation"/>
    <property name="java.version.date" value="2025-04-15"/>
    <property name="java.home" value="/home/eparra-v/.sdkman/candidates/java/21.0.7-tem"/>
    <property name="file.separator" value="/"/>
    <property name="basedir" value="/home/eparra-v/IdeaProjects/ifct0062_2025_supergamesspring"/>
    <property name="java.vm.compressedOopsMode" value="Zero based"/>
    <property name="line.separator" value="&#10;"/>
    <property name="java.vm.specification.vendor" value="Oracle Corporation"/>
    <property name="java.specification.name" value="Java Platform API Specification"/>
    <property name="FILE_LOG_CHARSET" value="UTF-8"/>
    <property name="java.awt.headless" value="true"/>
    <property name="surefire.real.class.path" value="/home/eparra-v/IdeaProjects/ifct0062_2025_supergamesspring/target/surefire/surefirebooter-20250514112540811_3.jar"/>
    <property name="sun.management.compiler" value="HotSpot 64-Bit Tiered Compilers"/>
    <property name="java.runtime.version" value="21.0.7+6-LTS"/>
    <property name="user.name" value="eparra-v"/>
    <property name="stdout.encoding" value="UTF-8"/>
    <property name="path.separator" value=":"/>
    <property name="os.version" value="6.11.0-25-generic"/>
    <property name="java.runtime.name" value="OpenJDK Runtime Environment"/>
    <property name="file.encoding" value="UTF-8"/>
    <property name="java.vm.name" value="OpenJDK 64-Bit Server VM"/>
    <property name="java.vendor.version" value="Temurin-21.0.7+6"/>
    <property name="localRepository" value="/home/eparra-v/.m2/repository"/>
    <property name="java.vendor.url.bug" value="https://github.com/adoptium/adoptium-support/issues"/>
    <property name="java.io.tmpdir" value="/tmp"/>
    <property name="com.zaxxer.hikari.pool_number" value="1"/>
    <property name="java.version" value="21.0.7"/>
    <property name="user.dir" value="/home/eparra-v/IdeaProjects/ifct0062_2025_supergamesspring"/>
    <property name="os.arch" value="amd64"/>
    <property name="java.vm.specification.name" value="Java Virtual Machine Specification"/>
    <property name="PID" value="20627"/>
    <property name="CONSOLE_LOG_CHARSET" value="UTF-8"/>
    <property name="native.encoding" value="UTF-8"/>
    <property name="java.library.path" value="/usr/java/packages/lib:/usr/lib64:/lib64:/lib:/usr/lib"/>
    <property name="java.vm.info" value="mixed mode, sharing"/>
    <property name="stderr.encoding" value="UTF-8"/>
    <property name="java.vendor" value="Eclipse Adoptium"/>
    <property name="java.vm.version" value="21.0.7+6-LTS"/>
    <property name="sun.io.unicode.encoding" value="UnicodeLittle"/>
    <property name="java.class.version" value="65.0"/>
    <property name="LOGGED_APPLICATION_NAME" value="[ifct0062_2025_supergamesspring] "/>
  </properties>
  <testcase name="contextLoads" classname="com.fernandopaniagua.ifct0062_2025_supergamesspring.Ifct00622025SupergamesspringApplicationTests" time="1.026">
    <system-out><![CDATA[11:25:42.555 [main] INFO org.springframework.test.context.support.AnnotationConfigContextLoaderUtils -- Could not detect default configuration classes for test class [com.fernandopaniagua.ifct0062_2025_supergamesspring.Ifct00622025SupergamesspringApplicationTests]: Ifct00622025SupergamesspringApplicationTests does not declare any static, non-private, non-final, nested classes annotated with @Configuration.
11:25:42.813 [main] INFO org.springframework.boot.test.context.SpringBootTestContextBootstrapper -- Found @SpringBootConfiguration com.fernandopaniagua.ifct0062_2025_supergamesspring.Ifct00622025SupergamesspringApplication for test class com.fernandopaniagua.ifct0062_2025_supergamesspring.Ifct00622025SupergamesspringApplicationTests

  .   ____          _            __ _ _
 /\\ / ___'_ __ _ _(_)_ __  __ _ \ \ \ \
( ( )\___ | '_ | '_| | '_ \/ _` | \ \ \ \
 \\/  ___)| |_)| | | | | || (_| |  ) ) ) )
  '  |____| .__|_| |_|_| |_\__, | / / / /
 =========|_|==============|___/=/_/_/_/

 :: Spring Boot ::                (v3.4.5)

2025-05-14T11:25:43.676+02:00  INFO 20627 --- [ifct0062_2025_supergamesspring] [           main] 00622025SupergamesspringApplicationTests : Starting Ifct00622025SupergamesspringApplicationTests using Java 21.0.7 with PID 20627 (started by eparra-v in /home/eparra-v/IdeaProjects/ifct0062_2025_supergamesspring)
2025-05-14T11:25:43.681+02:00  INFO 20627 --- [ifct0062_2025_supergamesspring] [           main] 00622025SupergamesspringApplicationTests : No active profile set, falling back to 1 default profile: "default"
2025-05-14T11:25:45.004+02:00  INFO 20627 --- [ifct0062_2025_supergamesspring] [           main] .s.d.r.c.RepositoryConfigurationDelegate : Bootstrapping Spring Data JPA repositories in DEFAULT mode.
2025-05-14T11:25:45.097+02:00  INFO 20627 --- [ifct0062_2025_supergamesspring] [           main] .s.d.r.c.RepositoryConfigurationDelegate : Finished Spring Data repository scanning in 73 ms. Found 2 JPA repository interfaces.
2025-05-14T11:25:45.603+02:00 DEBUG 20627 --- [ifct0062_2025_supergamesspring] [           main] com.zaxxer.hikari.HikariConfig           : Driver class org.postgresql.Driver found in Thread context class loader jdk.internal.loader.ClassLoaders$AppClassLoader@639fee48
2025-05-14T11:25:45.746+02:00 DEBUG 20627 --- [ifct0062_2025_supergamesspring] [           main] com.zaxxer.hikari.HikariConfig           : HikariPool-1 - configuration:
2025-05-14T11:25:45.754+02:00 DEBUG 20627 --- [ifct0062_2025_supergamesspring] [           main] com.zaxxer.hikari.HikariConfig           : allowPoolSuspension.............false
2025-05-14T11:25:45.755+02:00 DEBUG 20627 --- [ifct0062_2025_supergamesspring] [           main] com.zaxxer.hikari.HikariConfig           : autoCommit......................true
2025-05-14T11:25:45.756+02:00 DEBUG 20627 --- [ifct0062_2025_supergamesspring] [           main] com.zaxxer.hikari.HikariConfig           : catalog.........................none
2025-05-14T11:25:45.756+02:00 DEBUG 20627 --- [ifct0062_2025_supergamesspring] [           main] com.zaxxer.hikari.HikariConfig           : connectionInitSql...............none
2025-05-14T11:25:45.756+02:00 DEBUG 20627 --- [ifct0062_2025_supergamesspring] [           main] com.zaxxer.hikari.HikariConfig           : connectionTestQuery.............none
2025-05-14T11:25:45.758+02:00 DEBUG 20627 --- [ifct0062_2025_supergamesspring] [           main] com.zaxxer.hikari.HikariConfig           : connectionTimeout...............30000
2025-05-14T11:25:45.759+02:00 DEBUG 20627 --- [ifct0062_2025_supergamesspring] [           main] com.zaxxer.hikari.HikariConfig           : dataSource......................none
2025-05-14T11:25:45.759+02:00 DEBUG 20627 --- [ifct0062_2025_supergamesspring] [           main] com.zaxxer.hikari.HikariConfig           : dataSourceClassName.............none
2025-05-14T11:25:45.760+02:00 DEBUG 20627 --- [ifct0062_2025_supergamesspring] [           main] com.zaxxer.hikari.HikariConfig           : dataSourceJNDI..................none
2025-05-14T11:25:45.761+02:00 DEBUG 20627 --- [ifct0062_2025_supergamesspring] [           main] com.zaxxer.hikari.HikariConfig           : dataSourceProperties............{password=<masked>}
2025-05-14T11:25:45.762+02:00 DEBUG 20627 --- [ifct0062_2025_supergamesspring] [           main] com.zaxxer.hikari.HikariConfig           : driverClassName................."org.postgresql.Driver"
2025-05-14T11:25:45.762+02:00 DEBUG 20627 --- [ifct0062_2025_supergamesspring] [           main] com.zaxxer.hikari.HikariConfig           : exceptionOverrideClassName......none
2025-05-14T11:25:45.762+02:00 DEBUG 20627 --- [ifct0062_2025_supergamesspring] [           main] com.zaxxer.hikari.HikariConfig           : healthCheckProperties...........{}
2025-05-14T11:25:45.763+02:00 DEBUG 20627 --- [ifct0062_2025_supergamesspring] [           main] com.zaxxer.hikari.HikariConfig           : healthCheckRegistry.............none
2025-05-14T11:25:45.763+02:00 DEBUG 20627 --- [ifct0062_2025_supergamesspring] [           main] com.zaxxer.hikari.HikariConfig           : idleTimeout.....................600000
2025-05-14T11:25:45.764+02:00 DEBUG 20627 --- [ifct0062_2025_supergamesspring] [           main] com.zaxxer.hikari.HikariConfig           : initializationFailTimeout.......1
2025-05-14T11:25:45.764+02:00 DEBUG 20627 --- [ifct0062_2025_supergamesspring] [           main] com.zaxxer.hikari.HikariConfig           : isolateInternalQueries..........false
2025-05-14T11:25:45.765+02:00 DEBUG 20627 --- [ifct0062_2025_supergamesspring] [           main] com.zaxxer.hikari.HikariConfig           : jdbcUrl.........................jdbc:postgresql://localhost:5500/videogames
2025-05-14T11:25:45.765+02:00 DEBUG 20627 --- [ifct0062_2025_supergamesspring] [           main] com.zaxxer.hikari.HikariConfig           : keepaliveTime...................0
2025-05-14T11:25:45.766+02:00 DEBUG 20627 --- [ifct0062_2025_supergamesspring] [           main] com.zaxxer.hikari.HikariConfig           : leakDetectionThreshold..........0
2025-05-14T11:25:45.766+02:00 DEBUG 20627 --- [ifct0062_2025_supergamesspring] [           main] com.zaxxer.hikari.HikariConfig           : maxLifetime.....................1800000
2025-05-14T11:25:45.767+02:00 DEBUG 20627 --- [ifct0062_2025_supergamesspring] [           main] com.zaxxer.hikari.HikariConfig           : maximumPoolSize.................10
2025-05-14T11:25:45.768+02:00 DEBUG 20627 --- [ifct0062_2025_supergamesspring] [           main] com.zaxxer.hikari.HikariConfig           : metricRegistry..................none
2025-05-14T11:25:45.769+02:00 DEBUG 20627 --- [ifct0062_2025_supergamesspring] [           main] com.zaxxer.hikari.HikariConfig           : metricsTrackerFactory...........none
2025-05-14T11:25:45.770+02:00 DEBUG 20627 --- [ifct0062_2025_supergamesspring] [           main] com.zaxxer.hikari.HikariConfig           : minimumIdle.....................5
2025-05-14T11:25:45.770+02:00 DEBUG 20627 --- [ifct0062_2025_supergamesspring] [           main] com.zaxxer.hikari.HikariConfig           : password........................<masked>
2025-05-14T11:25:45.771+02:00 DEBUG 20627 --- [ifct0062_2025_supergamesspring] [           main] com.zaxxer.hikari.HikariConfig           : poolName........................"HikariPool-1"
2025-05-14T11:25:45.772+02:00 DEBUG 20627 --- [ifct0062_2025_supergamesspring] [           main] com.zaxxer.hikari.HikariConfig           : readOnly........................false
2025-05-14T11:25:45.773+02:00 DEBUG 20627 --- [ifct0062_2025_supergamesspring] [           main] com.zaxxer.hikari.HikariConfig           : registerMbeans..................false
2025-05-14T11:25:45.774+02:00 DEBUG 20627 --- [ifct0062_2025_supergamesspring] [           main] com.zaxxer.hikari.HikariConfig           : scheduledExecutor...............none
2025-05-14T11:25:45.775+02:00 DEBUG 20627 --- [ifct0062_2025_supergamesspring] [           main] com.zaxxer.hikari.HikariConfig           : schema..........................none
2025-05-14T11:25:45.776+02:00 DEBUG 20627 --- [ifct0062_2025_supergamesspring] [           main] com.zaxxer.hikari.HikariConfig           : threadFactory...................internal
2025-05-14T11:25:45.776+02:00 DEBUG 20627 --- [ifct0062_2025_supergamesspring] [           main] com.zaxxer.hikari.HikariConfig           : transactionIsolation............default
2025-05-14T11:25:45.777+02:00 DEBUG 20627 --- [ifct0062_2025_supergamesspring] [           main] com.zaxxer.hikari.HikariConfig           : username........................"user"
2025-05-14T11:25:45.778+02:00 DEBUG 20627 --- [ifct0062_2025_supergamesspring] [           main] com.zaxxer.hikari.HikariConfig           : validationTimeout...............5000
2025-05-14T11:25:45.779+02:00  INFO 20627 --- [ifct0062_2025_supergamesspring] [           main] com.zaxxer.hikari.HikariDataSource       : HikariPool-1 - Starting...
2025-05-14T11:25:46.220+02:00  INFO 20627 --- [ifct0062_2025_supergamesspring] [           main] com.zaxxer.hikari.pool.HikariPool        : HikariPool-1 - Added connection org.postgresql.jdbc.PgConnection@77f4c040
2025-05-14T11:25:46.254+02:00  INFO 20627 --- [ifct0062_2025_supergamesspring] [           main] com.zaxxer.hikari.HikariDataSource       : HikariPool-1 - Start completed.
2025-05-14T11:25:46.354+02:00 DEBUG 20627 --- [ifct0062_2025_supergamesspring] [l-1 housekeeper] com.zaxxer.hikari.pool.HikariPool        : HikariPool-1 - Before cleanup stats (total=1, active=0, idle=1, waiting=0)
2025-05-14T11:25:46.356+02:00 DEBUG 20627 --- [ifct0062_2025_supergamesspring] [l-1 housekeeper] com.zaxxer.hikari.pool.HikariPool        : HikariPool-1 - After cleanup  stats (total=1, active=0, idle=1, waiting=0)
2025-05-14T11:25:46.365+02:00  INFO 20627 --- [ifct0062_2025_supergamesspring] [           main] o.hibernate.jpa.internal.util.LogHelper  : HHH000204: Processing PersistenceUnitInfo [name: default]
2025-05-14T11:25:46.457+02:00 DEBUG 20627 --- [ifct0062_2025_supergamesspring] [onnection adder] com.zaxxer.hikari.pool.HikariPool        : HikariPool-1 - Added connection org.postgresql.jdbc.PgConnection@755e6595
2025-05-14T11:25:46.465+02:00  INFO 20627 --- [ifct0062_2025_supergamesspring] [           main] org.hibernate.Version                    : HHH000412: Hibernate ORM core version 6.6.13.Final
2025-05-14T11:25:46.487+02:00 DEBUG 20627 --- [ifct0062_2025_supergamesspring] [onnection adder] com.zaxxer.hikari.pool.HikariPool        : HikariPool-1 - After adding stats (total=2, active=0, idle=2, waiting=0)
2025-05-14T11:25:46.533+02:00 DEBUG 20627 --- [ifct0062_2025_supergamesspring] [onnection adder] com.zaxxer.hikari.pool.HikariPool        : HikariPool-1 - Added connection org.postgresql.jdbc.PgConnection@7fa60ee5
2025-05-14T11:25:46.544+02:00  INFO 20627 --- [ifct0062_2025_supergamesspring] [           main] o.h.c.internal.RegionFactoryInitiator    : HHH000026: Second-level cache disabled
2025-05-14T11:25:46.565+02:00 DEBUG 20627 --- [ifct0062_2025_supergamesspring] [onnection adder] com.zaxxer.hikari.pool.HikariPool        : HikariPool-1 - After adding stats (total=3, active=0, idle=3, waiting=0)
2025-05-14T11:25:46.614+02:00 DEBUG 20627 --- [ifct0062_2025_supergamesspring] [onnection adder] com.zaxxer.hikari.pool.HikariPool        : HikariPool-1 - Added connection org.postgresql.jdbc.PgConnection@3aa49f75
2025-05-14T11:25:46.645+02:00 DEBUG 20627 --- [ifct0062_2025_supergamesspring] [onnection adder] com.zaxxer.hikari.pool.HikariPool        : HikariPool-1 - After adding stats (total=4, active=0, idle=4, waiting=0)
2025-05-14T11:25:46.690+02:00 DEBUG 20627 --- [ifct0062_2025_supergamesspring] [onnection adder] com.zaxxer.hikari.pool.HikariPool        : HikariPool-1 - Added connection org.postgresql.jdbc.PgConnection@3c503779
2025-05-14T11:25:46.730+02:00 DEBUG 20627 --- [ifct0062_2025_supergamesspring] [onnection adder] com.zaxxer.hikari.pool.HikariPool        : HikariPool-1 - After adding stats (total=5, active=0, idle=5, waiting=0)
2025-05-14T11:25:47.068+02:00  INFO 20627 --- [ifct0062_2025_supergamesspring] [           main] o.s.o.j.p.SpringPersistenceUnitInfo      : No LoadTimeWeaver setup: ignoring JPA class transformer
2025-05-14T11:25:47.159+02:00  WARN 20627 --- [ifct0062_2025_supergamesspring] [           main] org.hibernate.orm.deprecation            : HHH90000025: PostgreSQLDialect does not need to be specified explicitly using 'hibernate.dialect' (remove the property setting and it will be selected by default)
2025-05-14T11:25:47.192+02:00  INFO 20627 --- [ifct0062_2025_supergamesspring] [           main] org.hibernate.orm.connections.pooling    : HHH10001005: Database info:
	Database JDBC URL [Connecting through datasource 'HikariDataSource (HikariPool-1)']
	Database driver: undefined/unknown
	Database version: 17.5
	Autocommit mode: undefined/unknown
	Isolation level: undefined/unknown
	Minimum pool size: undefined/unknown
	Maximum pool size: undefined/unknown
2025-05-14T11:25:47.612+02:00  WARN 20627 --- [ifct0062_2025_supergamesspring] [           main] org.hibernate.mapping.RootClass          : HHH000038: Composite-id class does not override equals(): com.fernandopaniagua.ifct0062_2025_supergamesspring.model.StudioPK
2025-05-14T11:25:47.612+02:00  WARN 20627 --- [ifct0062_2025_supergamesspring] [           main] org.hibernate.mapping.RootClass          : HHH000039: Composite-id class does not override hashCode(): com.fernandopaniagua.ifct0062_2025_supergamesspring.model.StudioPK
2025-05-14T11:25:48.497+02:00  INFO 20627 --- [ifct0062_2025_supergamesspring] [           main] o.h.e.t.j.p.i.JtaPlatformInitiator       : HHH000489: No JTA platform available (set 'hibernate.transaction.jta.platform' to enable JTA platform integration)
2025-05-14T11:25:48.924+02:00  INFO 20627 --- [ifct0062_2025_supergamesspring] [           main] j.LocalContainerEntityManagerFactoryBean : Initialized JPA EntityManagerFactory for persistence unit 'default'
2025-05-14T11:25:49.326+02:00  INFO 20627 --- [ifct0062_2025_supergamesspring] [           main] o.s.d.j.r.query.QueryEnhancerFactory     : Hibernate is in classpath; If applicable, HQL parser will be used.
2025-05-14T11:25:49.963+02:00  WARN 20627 --- [ifct0062_2025_supergamesspring] [           main] JpaBaseConfiguration$JpaWebConfiguration : spring.jpa.open-in-view is enabled by default. Therefore, database queries may be performed during view rendering. Explicitly configure spring.jpa.open-in-view to disable this warning
2025-05-14T11:25:50.023+02:00  INFO 20627 --- [ifct0062_2025_supergamesspring] [           main] o.s.b.a.w.s.WelcomePageHandlerMapping    : Adding welcome page template: index
2025-05-14T11:25:50.783+02:00  INFO 20627 --- [ifct0062_2025_supergamesspring] [           main] 00622025SupergamesspringApplicationTests : Started Ifct00622025SupergamesspringApplicationTests in 7.729 seconds (process running for 9.85)
]]></system-out>
    <system-err><![CDATA[Mockito is currently self-attaching to enable the inline-mock-maker. This will no longer work in future releases of the JDK. Please add Mockito as an agent to your build what is described in Mockito's documentation: https://javadoc.io/doc/org.mockito/mockito-core/latest/org/mockito/Mockito.html#0.3
WARNING: A Java agent has been loaded dynamically (/home/eparra-v/.m2/repository/net/bytebuddy/byte-buddy-agent/1.15.11/byte-buddy-agent-1.15.11.jar)
WARNING: If a serviceability tool is in use, please run with -XX:+EnableDynamicAgentLoading to hide this warning
WARNING: If a serviceability tool is not in use, please run with -Djdk.instrument.traceUsage for more information
WARNING: Dynamic loading of agents will be disallowed by default in a future release
]]></system-err>
  </testcase>
</testsuite>